<?xml version="1.0" encoding="utf-8"?><testsuites><testsuite name="pytest" errors="0" failures="0" skipped="0" tests="8" time="0.198" timestamp="2024-07-23T20:22:56.408967" hostname="banks"><testcase classname="tests.linkage.experiment.test_titrator" name="test_titrator" time="0.001" /><testcase classname="tests.linkage.organizer.test_global_model" name="test_GlobalModel_integrated" time="0.029" /><testcase classname="tests.linkage.organizer.test_global_model" name="test_GlobalModel__load_model" time="0.028" /><testcase classname="tests.linkage.organizer.test_global_model" name="test_GlobalModel__sync_model_and_expt" time="0.014" /><testcase classname="tests.linkage.organizer.test_global_model" name="test_GlobalModel__count_expt_points" time="0.023" /><testcase classname="tests.linkage.organizer.test_global_model" name="test_GlobalModel__get_enthalpy_param" time="0.023" /><testcase classname="tests.linkage.organizer.test_global_model" name="test_GlobalModel__process_expt_fudge" time="0.014" /><testcase classname="tests.linkage.organizer.test_global_model" name="test_GlobalModel__build_point_map" time="0.015" /></testsuite></testsuites>