<?xml version="1.0" encoding="utf-8"?><testsuites><testsuite name="pytest" errors="0" failures="0" skipped="0" tests="34" time="0.587" timestamp="2024-07-31T12:33:26.968307" hostname="banks"><testcase classname="tests.linkage.experiment.point.test_experimental_point" name="test_ExperimentalPoint" time="0.001" /><testcase classname="tests.linkage.experiment.point.test_itc_point" name="test_ITCPoint" time="0.000" /><testcase classname="tests.linkage.experiment.point.test_itc_point" name="test_ITCPoints_get_value" time="0.001" /><testcase classname="tests.linkage.experiment.point.test_spec_point" name="test_SpecPoint" time="0.000" /><testcase classname="tests.linkage.experiment.point.test_spec_point" name="test_SpecPoint_calc_value" time="0.000" /><testcase classname="tests.linkage.experiment.test_experiment" name="test__load_dataframe" time="0.245" /><testcase classname="tests.linkage.experiment.test_experiment" name="test__preprocess_df" time="0.005" /><testcase classname="tests.linkage.experiment.test_experiment" name="test_Experiment" time="0.002" /><testcase classname="tests.linkage.experiment.test_experiment" name="test_Experiment__define_generic_observable" time="0.003" /><testcase classname="tests.linkage.experiment.test_experiment" name="test_Experiment_define_spectroscopic_observable" time="0.004" /><testcase classname="tests.linkage.experiment.test_experiment" name="test_Experiment_define_itc_observable" time="0.001" /><testcase classname="tests.linkage.experiment.test_experiment" name="test_add_expt_column" time="0.001" /><testcase classname="tests.linkage.experiment.test_titrator" name="test_titrator" time="0.001" /><testcase classname="tests.linkage.experiment.test_titrator" name="test_sync_cell_and_syringe" time="0.000" /><testcase classname="tests.linkage.experiment.test_titrator" name="test__titr_constant_volume" time="0.000" /><testcase classname="tests.linkage.experiment.test_titrator" name="test__titr_increase_volume" time="0.000" /><testcase classname="tests.linkage.models.test_base" name="test__parse_rxn_side" time="0.000" /><testcase classname="tests.linkage.models.test_base" name="test__parse_equilibria_field" time="0.000" /><testcase classname="tests.linkage.models.test_base" name="test__parse_species_field" time="0.001" /><testcase classname="tests.linkage.models.test_base" name="test__finalize_microspecies" time="0.000" /><testcase classname="tests.linkage.models.test_base" name="test__finalize_species" time="0.000" /><testcase classname="tests.linkage.models.test_base" name="test__parse_linkage_docstring" time="0.003" /><testcase classname="tests.linkage.models.test_base" name="test_BindingModel__get_real_root" time="0.001" /><testcase classname="tests.linkage.models.test_ca_edta" name="test_CaEDTA_integrated" time="0.001" /><testcase classname="tests.linkage.models.test_ca_edta" name="test_CaEDTA_properties" time="0.000" /><testcase classname="tests.linkage.organizer.test_global_model" name="test_GlobalModel_integrated" time="0.015" /><testcase classname="tests.linkage.organizer.test_global_model" name="test_GlobalModel__load_model" time="0.039" /><testcase classname="tests.linkage.organizer.test_global_model" name="test_GlobalModel__sync_model_and_expt" time="0.018" /><testcase classname="tests.linkage.organizer.test_global_model" name="test_GlobalModel__count_expt_points" time="0.029" /><testcase classname="tests.linkage.organizer.test_global_model" name="test_GlobalModel__get_enthalpy_param" time="0.029" /><testcase classname="tests.linkage.organizer.test_global_model" name="test_GlobalModel__process_expt_fudge" time="0.017" /><testcase classname="tests.linkage.organizer.test_global_model" name="test_GlobalModel__calc_expt_normalization" time="0.065" /><testcase classname="tests.linkage.organizer.test_global_model" name="test_GlobalModel__add_point" time="0.000" /><testcase classname="tests.linkage.organizer.test_global_model" name="test_GlobalModel__build_point_map" time="0.023" /></testsuite></testsuites>