<?xml version="1.0" encoding="utf-8"?><testsuites><testsuite name="pytest" errors="0" failures="0" skipped="0" tests="46" time="0.701" timestamp="2024-09-17T12:47:47.348027" hostname="banks"><testcase classname="tests.linkage.experiment.test_experiment" name="test__load_dataframe" time="0.249" /><testcase classname="tests.linkage.experiment.test_experiment" name="test__preprocess_df" time="0.006" /><testcase classname="tests.linkage.experiment.test_experiment" name="test_Experiment" time="0.004" /><testcase classname="tests.linkage.experiment.test_experiment" name="test_Experiment__define_generic_observable" time="0.004" /><testcase classname="tests.linkage.experiment.test_experiment" name="test_Experiment_define_spectroscopic_observable" time="0.005" /><testcase classname="tests.linkage.experiment.test_experiment" name="test_Experiment_define_itc_observable" time="0.002" /><testcase classname="tests.linkage.experiment.test_experiment" name="test_add_expt_column" time="0.001" /><testcase classname="tests.linkage.experiment.test_titrator" name="test_titrator" time="0.001" /><testcase classname="tests.linkage.experiment.test_titrator" name="test_sync_cell_and_syringe" time="0.000" /><testcase classname="tests.linkage.experiment.test_titrator" name="test__titr_constant_volume" time="0.000" /><testcase classname="tests.linkage.experiment.test_titrator" name="test__titr_increase_volume" time="0.000" /><testcase classname="tests.linkage.global_model.point.test_experimental_point" name="test_ExperimentalPoint" time="0.000" /><testcase classname="tests.linkage.global_model.point.test_itc_point" name="test_ITCPoint" time="0.000" /><testcase classname="tests.linkage.global_model.point.test_itc_point" name="test_ITCPoints_calc_value" time="0.000" /><testcase classname="tests.linkage.global_model.point.test_spec_point" name="test_SpecPoint" time="0.000" /><testcase classname="tests.linkage.global_model.point.test_spec_point" name="test_SpecPoint_calc_value" time="0.000" /><testcase classname="tests.linkage.global_model.test_global_model" name="test_GlobalModel_integrated" time="0.018" /><testcase classname="tests.linkage.global_model.test_global_model" name="test_GlobalModel__load_model" time="0.042" /><testcase classname="tests.linkage.global_model.test_global_model" name="test_GlobalModel__get_expt_std_scalar" time="0.020" /><testcase classname="tests.linkage.global_model.test_global_model" name="test_GlobalModel__get_expt_normalization" time="0.020" /><testcase classname="tests.linkage.global_model.test_global_model" name="test_GlobalModel__load_observables" time="0.042" /><testcase classname="tests.linkage.global_model.test_global_model" name="test_GlobalModel__get_enthalpy_param" time="0.033" /><testcase classname="tests.linkage.global_model.test_global_model" name="test_GlobalModel__get_expt_fudge" time="0.020" /><testcase classname="tests.linkage.global_model.test_global_model" name="test_GlobalModel__add_point" time="0.000" /><testcase classname="tests.linkage.global_model.test_global_model" name="test_GlobalModel__build_point_map" time="0.032" /><testcase classname="tests.linkage.global_model.test_global_model" name="test_GlobalModel_model_normalized" time="0.012" /><testcase classname="tests.linkage.global_model.test_global_model" name="test_GlobalModel_model" time="0.012" /><testcase classname="tests.linkage.global_model.test_global_model" name="test_GlobalModel_y_obs" time="0.008" /><testcase classname="tests.linkage.global_model.test_global_model" name="test_GlobalModel_y_std" time="0.008" /><testcase classname="tests.linkage.global_model.test_global_model" name="test_GlobalModel_y_obs_normalized" time="0.008" /><testcase classname="tests.linkage.global_model.test_global_model" name="test_GlobalModel_y_std_normalized" time="0.008" /><testcase classname="tests.linkage.global_model.test_global_model" name="test_GlobalModel_parameter_names" time="0.008" /><testcase classname="tests.linkage.global_model.test_global_model" name="test_GlobalModel_parameter_guesses" time="0.007" /><testcase classname="tests.linkage.global_model.test_global_model" name="test_GlobalModel_model_name" time="0.008" /><testcase classname="tests.linkage.global_model.test_global_model" name="test_GlobalModel_macro_species" time="0.008" /><testcase classname="tests.linkage.global_model.test_global_model" name="test_GlobalModel_micro_species" time="0.008" /><testcase classname="tests.linkage.global_model.test_global_model" name="test_GlobalModel_as_df" time="0.009" /><testcase classname="tests.linkage.models.test_base" name="test__parse_rxn_side" time="0.001" /><testcase classname="tests.linkage.models.test_base" name="test__parse_equilibria_field" time="0.001" /><testcase classname="tests.linkage.models.test_base" name="test__parse_species_field" time="0.001" /><testcase classname="tests.linkage.models.test_base" name="test__finalize_microspecies" time="0.000" /><testcase classname="tests.linkage.models.test_base" name="test__finalize_species" time="0.000" /><testcase classname="tests.linkage.models.test_base" name="test__parse_linkage_docstring" time="0.003" /><testcase classname="tests.linkage.models.test_base" name="test_BindingModel__get_real_root" time="0.001" /><testcase classname="tests.linkage.models.test_ca_edta" name="test_CaEDTA_integrated" time="0.001" /><testcase classname="tests.linkage.models.test_ca_edta" name="test_CaEDTA_properties" time="0.000" /></testsuite></testsuites>