<?xml version="1.0" encoding="utf-8"?><testsuites><testsuite name="pytest" errors="0" failures="0" skipped="0" tests="15" time="0.217" timestamp="2024-07-25T15:00:59.703097" hostname="banks"><testcase classname="tests.linkage.experiment.test_titrator" name="test_titrator" time="0.001" /><testcase classname="tests.linkage.models.test_base" name="test__parse_rxn_side" time="0.001" /><testcase classname="tests.linkage.models.test_base" name="test__parse_equilibria_field" time="0.000" /><testcase classname="tests.linkage.models.test_base" name="test__parse_species_field" time="0.001" /><testcase classname="tests.linkage.models.test_base" name="test__finalize_microspecies" time="0.000" /><testcase classname="tests.linkage.models.test_base" name="test__finalize_species" time="0.000" /><testcase classname="tests.linkage.models.test_base" name="test__parse_linkage_docstring" time="0.003" /><testcase classname="tests.linkage.models.test_ca_edta" name="test_CaEDTA_integrated" time="0.002" /><testcase classname="tests.linkage.organizer.test_global_model" name="test_GlobalModel_integrated" time="0.030" /><testcase classname="tests.linkage.organizer.test_global_model" name="test_GlobalModel__load_model" time="0.029" /><testcase classname="tests.linkage.organizer.test_global_model" name="test_GlobalModel__sync_model_and_expt" time="0.014" /><testcase classname="tests.linkage.organizer.test_global_model" name="test_GlobalModel__count_expt_points" time="0.024" /><testcase classname="tests.linkage.organizer.test_global_model" name="test_GlobalModel__get_enthalpy_param" time="0.024" /><testcase classname="tests.linkage.organizer.test_global_model" name="test_GlobalModel__process_expt_fudge" time="0.014" /><testcase classname="tests.linkage.organizer.test_global_model" name="test_GlobalModel__build_point_map" time="0.016" /></testsuite></testsuites>