<?xml version="1.0" encoding="utf-8"?><testsuites><testsuite name="pytest" errors="0" failures="0" skipped="0" tests="2" time="0.076" timestamp="2024-07-23T16:17:54.004808" hostname="banks"><testcase classname="tests.linkage.experiment.test_titrator" name="test_titrator" time="0.001" /><testcase classname="tests.linkage.organizer.test_global_fit" name="test_GlobalFit_integrated" time="0.027" /></testsuite></testsuites>